<?xml version="1.0" encoding="UTF-8"?>
<!-- Generated by org.testng.reporters.JUnitReportReporter -->
<testsuite hostname="LP10-8RFSQ93" failures="0" tests="2" name="teseCases.CreateDataBaseListingsTestPage" time="81.840" errors="0" timestamp="2022-04-28T12:35:49 IST" skipped="0">
  <testcase classname="teseCases.CreateDataBaseListingsTestPage" name="newDBLCreateTest" time="27.686"/>
  <system-out/>
  <testcase classname="teseCases.CreateDataBaseListingsTestPage" name="newDBLCreateTest" time="54.154"/>
  <system-out/>
</testsuite> <!-- teseCases.CreateDataBaseListingsTestPage -->
