<?xml version="1.0" encoding="UTF-8"?>
<!-- Generated by org.testng.reporters.JUnitReportReporter -->
<testsuite hostname="LP10-8RFSQ93" failures="0" tests="1" name="teseCases.EditNewsArticlesTest" time="48.724" errors="0" timestamp="2022-04-28T12:35:49 IST" skipped="0">
  <testcase classname="teseCases.EditNewsArticlesTest" name="provideNewsArticleTitle" time="48.724"/>
  <system-out/>
</testsuite> <!-- teseCases.EditNewsArticlesTest -->
