<?xml version="1.0" encoding="UTF-8"?>
<!-- Generated by org.testng.reporters.JUnitReportReporter -->
<testsuite hostname="LP10-8RFSQ93" failures="0" tests="2" name="teseCases.CreateResearchGuidesTestPage" time="88.145" errors="0" timestamp="2022-04-28T12:35:49 IST" skipped="0">
  <testcase classname="teseCases.CreateResearchGuidesTestPage" name="newResearchGuideTest" time="34.333"/>
  <system-out/>
  <testcase classname="teseCases.CreateResearchGuidesTestPage" name="newResearchGuideTest" time="53.812"/>
  <system-out/>
</testsuite> <!-- teseCases.CreateResearchGuidesTestPage -->
