<?xml version="1.0" encoding="UTF-8"?>
<!-- Generated by org.testng.reporters.JUnitReportReporter -->
<testsuite hostname="LP10-8RFSQ93" failures="0" tests="1" name="teseCases.createDirectoryListingsTestPage" time="23.347" errors="0" timestamp="2022-03-11T12:36:17 IST" skipped="0">
  <testcase classname="teseCases.createDirectoryListingsTestPage" name="newdirectorycreatetest" time="23.347"/>
  <system-out/>
</testsuite> <!-- teseCases.createDirectoryListingsTestPage -->
