<?xml version="1.0" encoding="UTF-8"?>
<!-- Generated by org.testng.reporters.JUnitReportReporter -->
<testsuite hostname="LP10-8RFSQ93" failures="0" tests="2" name="teseCases.LoginPageTest" time="45.813" errors="0" timestamp="2022-03-24T15:53:28 IST" skipped="0">
  <testcase classname="teseCases.LoginPageTest" name="loginTest" time="11.445"/>
  <system-out/>
  <testcase classname="teseCases.LoginPageTest" name="loginTest" time="34.368"/>
  <system-out/>
</testsuite> <!-- teseCases.LoginPageTest -->
