<?xml version="1.0" encoding="UTF-8"?>
<!-- Generated by org.testng.reporters.JUnitReportReporter -->
<testsuite hostname="LP10-8RFSQ93" failures="0" tests="2" name="teseCases.CreateCalloutTestPage" time="78.766" errors="0" timestamp="2022-04-28T12:35:49 IST" skipped="0">
  <testcase classname="teseCases.CreateCalloutTestPage" name="newcalloutcreatetest" time="51.791"/>
  <system-out/>
  <testcase classname="teseCases.CreateCalloutTestPage" name="newcalloutcreatetest" time="26.975"/>
  <system-out/>
</testsuite> <!-- teseCases.CreateCalloutTestPage -->
