<?xml version="1.0" encoding="UTF-8"?>
<!-- Generated by org.testng.reporters.JUnitReportReporter -->
<testsuite hostname="LP10-8RFSQ93" failures="0" tests="1" name="teseCases.EditResourceFlowsTest" time="46.040" errors="0" timestamp="2022-03-24T15:53:28 IST" skipped="0">
  <testcase classname="teseCases.EditResourceFlowsTest" name="provideResourceTitle" time="46.040"/>
  <system-out/>
</testsuite> <!-- teseCases.EditResourceFlowsTest -->
