<?xml version="1.0" encoding="UTF-8"?>
<!-- Generated by org.testng.reporters.JUnitReportReporter -->
<testsuite hostname="LP10-8RFSQ93" failures="0" tests="2" name="teseCases.CreatePagesTestPage" time="83.168" errors="0" timestamp="2022-03-24T15:53:28 IST" skipped="0">
  <testcase classname="teseCases.CreatePagesTestPage" name="newPageCreateTest" time="55.810"/>
  <system-out/>
  <testcase classname="teseCases.CreatePagesTestPage" name="newPageCreateTest" time="27.358"/>
  <system-out/>
</testsuite> <!-- teseCases.CreatePagesTestPage -->
