<?xml version="1.0" encoding="UTF-8"?>
<!-- Generated by org.testng.reporters.JUnitReportReporter -->
<testsuite hostname="LP10-8RFSQ93" failures="0" tests="2" name="teseCases.CreatePagesTestPage" time="80.062" errors="0" timestamp="2022-04-28T12:35:49 IST" skipped="0">
  <testcase classname="teseCases.CreatePagesTestPage" name="newPageCreateTest" time="26.216"/>
  <system-out/>
  <testcase classname="teseCases.CreatePagesTestPage" name="newPageCreateTest" time="53.846"/>
  <system-out/>
</testsuite> <!-- teseCases.CreatePagesTestPage -->
