<?xml version="1.0" encoding="UTF-8"?>
<!-- Generated by org.testng.reporters.JUnitReportReporter -->
<testsuite hostname="LP10-8RFSQ93" failures="0" tests="1" name="teseCases.DeleteDirectoryListingTest" time="31.923" errors="0" timestamp="2022-03-11T12:36:17 IST" skipped="0">
  <testcase classname="teseCases.DeleteDirectoryListingTest" name="deleteTest" time="31.923"/>
  <system-out/>
</testsuite> <!-- teseCases.DeleteDirectoryListingTest -->
