<?xml version="1.0" encoding="UTF-8"?>
<!-- Generated by org.testng.reporters.JUnitReportReporter -->
<testsuite hostname="LP10-8RFSQ93" failures="0" tests="2" name="teseCases.CreateIndexPageTestPage" time="95.663" errors="0" timestamp="2022-04-28T12:35:49 IST" skipped="0">
  <testcase classname="teseCases.CreateIndexPageTestPage" name="newIndexPagetest" time="35.776"/>
  <system-out/>
  <testcase classname="teseCases.CreateIndexPageTestPage" name="newIndexPagetest" time="59.887"/>
  <system-out/>
</testsuite> <!-- teseCases.CreateIndexPageTestPage -->
