<?xml version="1.0" encoding="UTF-8"?>
<!-- Generated by org.testng.reporters.JUnitReportReporter -->
<testsuite hostname="LP10-8RFSQ93" failures="0" tests="1" name="teseCases.EditReservesTest" time="47.193" errors="0" timestamp="2022-03-24T15:53:28 IST" skipped="0">
  <testcase classname="teseCases.EditReservesTest" name="provideReservesTitle" time="47.193"/>
  <system-out/>
</testsuite> <!-- teseCases.EditReservesTest -->
