<?xml version="1.0" encoding="UTF-8"?>
<!-- Generated by org.testng.reporters.JUnitReportReporter -->
<testsuite hostname="LP10-8RFSQ93" failures="0" tests="4" name="teseCases.createDirectoryListingsTestPage" time="226.924" errors="0" timestamp="2022-04-28T12:35:49 IST" skipped="0">
  <testcase classname="teseCases.createDirectoryListingsTestPage" name="newdirectorycreatetest" time="63.028"/>
  <system-out/>
  <testcase classname="teseCases.createDirectoryListingsTestPage" name="newdirectorycreatetest" time="83.806"/>
  <system-out/>
  <testcase classname="teseCases.createDirectoryListingsTestPage" name="newdirectorycreatetest" time="27.228"/>
  <system-out/>
  <testcase classname="teseCases.createDirectoryListingsTestPage" name="newdirectorycreatetest" time="52.862"/>
  <system-out/>
</testsuite> <!-- teseCases.createDirectoryListingsTestPage -->
