<?xml version="1.0" encoding="UTF-8"?>
<!-- Generated by org.testng.reporters.JUnitReportReporter -->
<testsuite hostname="LP10-8RFSQ93" failures="0" tests="1" name="teseCases.EditCustomBlockTest" time="46.788" errors="0" timestamp="2022-03-24T15:53:28 IST" skipped="0">
  <testcase classname="teseCases.EditCustomBlockTest" name="provideCustomBLockTitle" time="46.788"/>
  <system-out/>
</testsuite> <!-- teseCases.EditCustomBlockTest -->
