<?xml version="1.0" encoding="UTF-8"?>
<!-- Generated by org.testng.reporters.JUnitReportReporter -->
<testsuite hostname="LP10-8RFSQ93" failures="0" tests="2" name="teseCases.CreateCustomBlockTestPage" time="80.363" errors="0" timestamp="2022-03-24T15:53:28 IST" skipped="0">
  <testcase classname="teseCases.CreateCustomBlockTestPage" name="newCustomCreateTest" time="28.821"/>
  <system-out/>
  <testcase classname="teseCases.CreateCustomBlockTestPage" name="newCustomCreateTest" time="51.542"/>
  <system-out/>
</testsuite> <!-- teseCases.CreateCustomBlockTestPage -->
