<?xml version="1.0" encoding="UTF-8"?>
<!-- Generated by org.testng.reporters.JUnitReportReporter -->
<testsuite hostname="LP10-8RFSQ93" failures="0" tests="1" name="teseCases.EditPagesTest" time="48.668" errors="0" timestamp="2022-03-24T15:53:28 IST" skipped="0">
  <testcase classname="teseCases.EditPagesTest" name="providePageTitle" time="48.668"/>
  <system-out/>
</testsuite> <!-- teseCases.EditPagesTest -->
