<?xml version="1.0" encoding="UTF-8"?>
<!-- Generated by org.testng.reporters.JUnitReportReporter -->
<testsuite hostname="LP10-8RFSQ93" failures="0" tests="2" name="teseCases.CreateResearchGuidesTestPage" time="81.380" errors="0" timestamp="2022-03-24T15:53:28 IST" skipped="0">
  <testcase classname="teseCases.CreateResearchGuidesTestPage" name="newResearchGuideTest" time="52.881"/>
  <system-out/>
  <testcase classname="teseCases.CreateResearchGuidesTestPage" name="newResearchGuideTest" time="28.499"/>
  <system-out/>
</testsuite> <!-- teseCases.CreateResearchGuidesTestPage -->
