<?xml version="1.0" encoding="UTF-8"?>
<!-- Generated by org.testng.reporters.JUnitReportReporter -->
<testsuite hostname="LP10-8RFSQ93" failures="0" tests="2" name="teseCases.CreateDataBaseListingsTestPage" time="76.717" errors="0" timestamp="2022-03-24T15:53:28 IST" skipped="0">
  <testcase classname="teseCases.CreateDataBaseListingsTestPage" name="newDBLCreateTest" time="23.715"/>
  <system-out/>
  <testcase classname="teseCases.CreateDataBaseListingsTestPage" name="newDBLCreateTest" time="53.002"/>
  <system-out/>
</testsuite> <!-- teseCases.CreateDataBaseListingsTestPage -->
