<?xml version="1.0" encoding="UTF-8"?>
<!-- Generated by org.testng.reporters.JUnitReportReporter -->
<testsuite hostname="LP10-8RFSQ93" failures="0" tests="2" name="teseCases.CreateNewsArticlesTestPage" time="80.924" errors="0" timestamp="2022-03-24T15:53:28 IST" skipped="0">
  <testcase classname="teseCases.CreateNewsArticlesTestPage" name="newArticleCreateTest" time="33.110"/>
  <system-out/>
  <testcase classname="teseCases.CreateNewsArticlesTestPage" name="newArticleCreateTest" time="47.814"/>
  <system-out/>
</testsuite> <!-- teseCases.CreateNewsArticlesTestPage -->
