<?xml version="1.0" encoding="UTF-8"?>
<!-- Generated by org.testng.reporters.JUnitReportReporter -->
<testsuite hostname="LP10-8RFSQ93" failures="0" tests="2" name="teseCases.CreateNewsArticlesTestPage" time="68.241" errors="0" timestamp="2022-04-28T12:35:49 IST" skipped="0">
  <testcase classname="teseCases.CreateNewsArticlesTestPage" name="newArticleCreateTest" time="44.242"/>
  <system-out/>
  <testcase classname="teseCases.CreateNewsArticlesTestPage" name="newArticleCreateTest" time="23.999"/>
  <system-out/>
</testsuite> <!-- teseCases.CreateNewsArticlesTestPage -->
