<?xml version="1.0" encoding="UTF-8"?>
<!-- Generated by org.testng.reporters.JUnitReportReporter -->
<testsuite hostname="LP10-8RFSQ93" failures="0" tests="2" name="teseCases.LoginPageTest" time="50.219" errors="0" timestamp="2022-04-28T12:35:49 IST" skipped="0">
  <testcase classname="teseCases.LoginPageTest" name="loginTest" time="9.772"/>
  <system-out/>
  <testcase classname="teseCases.LoginPageTest" name="loginTest" time="40.447"/>
  <system-out/>
</testsuite> <!-- teseCases.LoginPageTest -->
