<?xml version="1.0" encoding="UTF-8"?>
<!-- Generated by org.testng.reporters.JUnitReportReporter -->
<testsuite hostname="LP10-8RFSQ93" failures="0" tests="2" name="teseCases.LoginPageTest" time="43.205" errors="0" timestamp="2022-03-11T12:36:17 IST" skipped="0">
  <testcase classname="teseCases.LoginPageTest" name="loginTest" time="34.999"/>
  <system-out/>
  <testcase classname="teseCases.LoginPageTest" name="loginTest" time="8.206"/>
  <system-out/>
</testsuite> <!-- teseCases.LoginPageTest -->
