<?xml version="1.0" encoding="UTF-8"?>
<!-- Generated by org.testng.reporters.JUnitReportReporter -->
<testsuite hostname="LP10-8RFSQ93" failures="0" tests="2" name="teseCases.CreateResourceFlowTestPage" time="80.658" errors="0" timestamp="2022-04-28T12:35:49 IST" skipped="0">
  <testcase classname="teseCases.CreateResourceFlowTestPage" name="newResourceFlowTest" time="52.341"/>
  <system-out/>
  <testcase classname="teseCases.CreateResourceFlowTestPage" name="newResourceFlowTest" time="28.317"/>
  <system-out/>
</testsuite> <!-- teseCases.CreateResourceFlowTestPage -->
