<?xml version="1.0" encoding="UTF-8"?>
<!-- Generated by org.testng.reporters.JUnitReportReporter -->
<testsuite hostname="LP10-8RFSQ93" failures="0" tests="4" name="teseCases.createDirectoryListingsTestPage" time="215.397" errors="0" timestamp="2022-03-24T15:53:28 IST" skipped="0">
  <testcase classname="teseCases.createDirectoryListingsTestPage" name="newdirectorycreatetest" time="26.510"/>
  <system-out/>
  <testcase classname="teseCases.createDirectoryListingsTestPage" name="newdirectorycreatetest" time="51.781"/>
  <system-out/>
  <testcase classname="teseCases.createDirectoryListingsTestPage" name="newdirectorycreatetest" time="53.919"/>
  <system-out/>
  <testcase classname="teseCases.createDirectoryListingsTestPage" name="newdirectorycreatetest" time="83.187"/>
  <system-out/>
</testsuite> <!-- teseCases.createDirectoryListingsTestPage -->
