<?xml version="1.0" encoding="UTF-8"?>
<!-- Generated by org.testng.reporters.JUnitReportReporter -->
<testsuite hostname="LP10-8RFSQ93" failures="0" tests="4" name="teseCases.CreateReservesTestPage" time="232.492" errors="0" timestamp="2022-04-28T12:35:49 IST" skipped="0">
  <testcase classname="teseCases.CreateReservesTestPage" name="newReservesTest" time="55.847"/>
  <system-out/>
  <testcase classname="teseCases.CreateReservesTestPage" name="newReservesTest" time="54.483"/>
  <system-out/>
  <testcase classname="teseCases.CreateReservesTestPage" name="newReservesTest" time="33.853"/>
  <system-out/>
  <testcase classname="teseCases.CreateReservesTestPage" name="newReservesTest" time="88.309"/>
  <system-out/>
</testsuite> <!-- teseCases.CreateReservesTestPage -->
