<?xml version="1.0" encoding="UTF-8"?>
<!-- Generated by org.testng.reporters.JUnitReportReporter -->
<testsuite hostname="LP10-8RFSQ93" failures="0" tests="4" name="teseCases.CreateReservesTestPage" time="221.001" errors="0" timestamp="2022-03-24T15:53:28 IST" skipped="0">
  <testcase classname="teseCases.CreateReservesTestPage" name="newReservesTest" time="82.267"/>
  <system-out/>
  <testcase classname="teseCases.CreateReservesTestPage" name="newReservesTest" time="58.184"/>
  <system-out/>
  <testcase classname="teseCases.CreateReservesTestPage" name="newReservesTest" time="53.071"/>
  <system-out/>
  <testcase classname="teseCases.CreateReservesTestPage" name="newReservesTest" time="27.479"/>
  <system-out/>
</testsuite> <!-- teseCases.CreateReservesTestPage -->
