<?xml version="1.0" encoding="UTF-8"?>
<!-- Generated by org.testng.reporters.JUnitReportReporter -->
<testsuite hostname="LP10-8RFSQ93" failures="0" tests="1" name="teseCases.EditDatabaseListingTest" time="25.596" errors="0" timestamp="2022-03-11T12:36:17 IST" skipped="0">
  <testcase classname="teseCases.EditDatabaseListingTest" name="provideDatabaseListTitle" time="25.596"/>
  <system-out/>
</testsuite> <!-- teseCases.EditDatabaseListingTest -->
