<?xml version="1.0" encoding="UTF-8"?>
<!-- Generated by org.testng.reporters.JUnitReportReporter -->
<testsuite hostname="LP10-8RFSQ93" failures="0" tests="2" name="teseCases.CreateIndexEntriesPageTestPage" time="83.437" errors="0" timestamp="2022-04-28T12:35:49 IST" skipped="0">
  <testcase classname="teseCases.CreateIndexEntriesPageTestPage" name="newIndexPagetest" time="30.455"/>
  <system-out/>
  <testcase classname="teseCases.CreateIndexEntriesPageTestPage" name="newIndexPagetest" time="52.982"/>
  <system-out/>
</testsuite> <!-- teseCases.CreateIndexEntriesPageTestPage -->
