<?xml version="1.0" encoding="UTF-8"?>
<!-- Generated by org.testng.reporters.JUnitReportReporter -->
<testsuite hostname="LP10-8RFSQ93" failures="0" tests="1" name="teseCases.EditNewsArticlesTest" time="33.286" errors="0" timestamp="2022-04-28T09:58:19 IST" skipped="0">
  <testcase classname="teseCases.EditNewsArticlesTest" name="provideNewsArticleTitle" time="33.286"/>
  <system-out/>
</testsuite> <!-- teseCases.EditNewsArticlesTest -->
