<?xml version="1.0" encoding="UTF-8"?>
<!-- Generated by org.testng.reporters.JUnitReportReporter -->
<testsuite hostname="LP10-8RFSQ93" failures="0" tests="4" name="teseCases.createDirectoryListingsTestPage" time="265.066" errors="0" timestamp="2022-03-23T13:50:32 IST" skipped="0">
  <testcase classname="teseCases.createDirectoryListingsTestPage" name="newdirectorycreatetest" time="68.262"/>
  <system-out/>
  <testcase classname="teseCases.createDirectoryListingsTestPage" name="newdirectorycreatetest" time="62.852"/>
  <system-out/>
  <testcase classname="teseCases.createDirectoryListingsTestPage" name="newdirectorycreatetest" time="93.805"/>
  <system-out/>
  <testcase classname="teseCases.createDirectoryListingsTestPage" name="newdirectorycreatetest" time="40.147"/>
  <system-out/>
</testsuite> <!-- teseCases.createDirectoryListingsTestPage -->
