<?xml version="1.0" encoding="UTF-8"?>
<!-- Generated by org.testng.reporters.JUnitReportReporter -->
<testsuite hostname="LP10-8RFSQ93" failures="0" tests="1" name="teseCases.CreateResourceFlowTestPage" time="27.535" errors="0" timestamp="2022-03-10T20:28:35 IST" skipped="0">
  <testcase classname="teseCases.CreateResourceFlowTestPage" name="newResourceFlowTest" time="27.535"/>
  <system-out/>
</testsuite> <!-- teseCases.CreateResourceFlowTestPage -->
