<?xml version="1.0" encoding="UTF-8"?>
<!-- Generated by org.testng.reporters.JUnitReportReporter -->
<testsuite hostname="LP10-8RFSQ93" failures="0" tests="2" name="teseCases.CreateCustomBlockTestPage" time="99.804" errors="0" timestamp="2022-03-23T12:51:36 IST" skipped="0">
  <testcase classname="teseCases.CreateCustomBlockTestPage" name="newCustomCreateTest" time="34.631"/>
  <system-out/>
  <testcase classname="teseCases.CreateCustomBlockTestPage" name="newCustomCreateTest" time="65.173"/>
  <system-out/>
</testsuite> <!-- teseCases.CreateCustomBlockTestPage -->
