<?xml version="1.0" encoding="UTF-8"?>
<!-- Generated by org.testng.reporters.JUnitReportReporter -->
<testsuite hostname="LP10-8RFSQ93" failures="0" tests="2" name="teseCases.CreateNewsArticlesTestPage" time="94.841" errors="0" timestamp="2022-03-23T19:21:43 IST" skipped="0">
  <testcase classname="teseCases.CreateNewsArticlesTestPage" name="newArticleCreateTest" time="35.050"/>
  <system-out/>
  <testcase classname="teseCases.CreateNewsArticlesTestPage" name="newArticleCreateTest" time="59.791"/>
  <system-out/>
</testsuite> <!-- teseCases.CreateNewsArticlesTestPage -->
