<?xml version="1.0" encoding="UTF-8"?>
<!-- Generated by org.testng.reporters.JUnitReportReporter -->
<testsuite hostname="LP10-8RFSQ93" failures="0" tests="1" name="teseCases.EditReservesTest" time="28.049" errors="0" timestamp="2022-03-16T13:30:45 IST" skipped="0">
  <testcase classname="teseCases.EditReservesTest" name="provideReservesTitle" time="28.049"/>
  <system-out/>
</testsuite> <!-- teseCases.EditReservesTest -->
