<?xml version="1.0" encoding="UTF-8"?>
<!-- Generated by org.testng.reporters.JUnitReportReporter -->
<testsuite hostname="LP10-8RFSQ93" failures="0" tests="4" name="teseCases.CreateReservesTestPage" time="221.378" errors="0" timestamp="2022-03-23T12:23:46 IST" skipped="0">
  <testcase classname="teseCases.CreateReservesTestPage" name="newReservesTest" time="55.057"/>
  <system-out/>
  <testcase classname="teseCases.CreateReservesTestPage" name="newReservesTest" time="50.667"/>
  <system-out/>
  <testcase classname="teseCases.CreateReservesTestPage" name="newReservesTest" time="26.765"/>
  <system-out/>
  <testcase classname="teseCases.CreateReservesTestPage" name="newReservesTest" time="88.889"/>
  <system-out/>
</testsuite> <!-- teseCases.CreateReservesTestPage -->
