<?xml version="1.0" encoding="UTF-8"?>
<!-- Generated by org.testng.reporters.JUnitReportReporter -->
<testsuite hostname="LP10-8RFSQ93" failures="0" tests="1" name="teseCases.EditReservesTest" time="28.917" errors="0" timestamp="2022-04-28T10:22:30 IST" skipped="0">
  <testcase classname="teseCases.EditReservesTest" name="provideReservesTitle" time="28.917"/>
  <system-out/>
</testsuite> <!-- teseCases.EditReservesTest -->
