<?xml version="1.0" encoding="UTF-8"?>
<!-- Generated by org.testng.reporters.JUnitReportReporter -->
<testsuite hostname="LP10-8RFSQ93" failures="0" tests="4" name="teseCases.createDirectoryListingsTestPage" time="247.178" errors="0" timestamp="2022-04-27T16:09:50 IST" skipped="0">
  <testcase classname="teseCases.createDirectoryListingsTestPage" name="newdirectorycreatetest" time="29.761"/>
  <system-out/>
  <testcase classname="teseCases.createDirectoryListingsTestPage" name="newdirectorycreatetest" time="87.203"/>
  <system-out/>
  <testcase classname="teseCases.createDirectoryListingsTestPage" name="newdirectorycreatetest" time="62.592"/>
  <system-out/>
  <testcase classname="teseCases.createDirectoryListingsTestPage" name="newdirectorycreatetest" time="67.622"/>
  <system-out/>
</testsuite> <!-- teseCases.createDirectoryListingsTestPage -->
