<?xml version="1.0" encoding="UTF-8"?>
<!-- Generated by org.testng.reporters.JUnitReportReporter -->
<testsuite hostname="LP10-8RFSQ93" failures="0" tests="1" name="teseCases.EditIndexPageTest" time="45.211" errors="0" timestamp="2022-04-28T09:50:17 IST" skipped="0">
  <testcase classname="teseCases.EditIndexPageTest" name="provideIndexPageTitle" time="45.211"/>
  <system-out/>
</testsuite> <!-- teseCases.EditIndexPageTest -->
