<?xml version="1.0" encoding="UTF-8"?>
<!-- Generated by org.testng.reporters.JUnitReportReporter -->
<testsuite hostname="LP10-8RFSQ93" failures="0" tests="2" name="teseCases.CreateResearchGuidesTestPage" time="91.252" errors="0" timestamp="2022-04-27T15:57:25 IST" skipped="0">
  <testcase classname="teseCases.CreateResearchGuidesTestPage" name="newResearchGuideTest" time="32.157"/>
  <system-out/>
  <testcase classname="teseCases.CreateResearchGuidesTestPage" name="newResearchGuideTest" time="59.095"/>
  <system-out/>
</testsuite> <!-- teseCases.CreateResearchGuidesTestPage -->
