<?xml version="1.0" encoding="UTF-8"?>
<!-- Generated by org.testng.reporters.JUnitReportReporter -->
<testsuite hostname="LP10-8RFSQ93" failures="0" tests="2" name="teseCases.CreateCalloutTestPage" time="121.060" errors="0" timestamp="2022-03-23T21:00:34 IST" skipped="0">
  <testcase classname="teseCases.CreateCalloutTestPage" name="newcalloutcreatetest" time="58.123"/>
  <system-out/>
  <testcase classname="teseCases.CreateCalloutTestPage" name="newcalloutcreatetest" time="62.937"/>
  <system-out/>
</testsuite> <!-- teseCases.CreateCalloutTestPage -->
