<?xml version="1.0" encoding="UTF-8"?>
<!-- Generated by org.testng.reporters.JUnitReportReporter -->
<testsuite hostname="LP10-8RFSQ93" failures="0" tests="2" name="teseCases.CreateIndexEntriesPageTestPage" time="94.968" errors="0" timestamp="2022-03-23T16:25:18 IST" skipped="0">
  <testcase classname="teseCases.CreateIndexEntriesPageTestPage" name="newIndexPagetest" time="60.877"/>
  <system-out/>
  <testcase classname="teseCases.CreateIndexEntriesPageTestPage" name="newIndexPagetest" time="34.091"/>
  <system-out/>
</testsuite> <!-- teseCases.CreateIndexEntriesPageTestPage -->
