<?xml version="1.0" encoding="UTF-8"?>
<!-- Generated by org.testng.reporters.JUnitReportReporter -->
<testsuite hostname="LP10-8RFSQ93" failures="0" tests="1" name="teseCases.EditResearchGuidesTest" time="27.242" errors="0" timestamp="2022-04-28T13:50:59 IST" skipped="0">
  <testcase classname="teseCases.EditResearchGuidesTest" name="provideResearchGuideTitleTitle" time="27.242"/>
  <system-out/>
</testsuite> <!-- teseCases.EditResearchGuidesTest -->
