<?xml version="1.0" encoding="UTF-8"?>
<!-- Generated by org.testng.reporters.JUnitReportReporter -->
<testsuite hostname="LP10-8RFSQ93" failures="0" tests="1" name="teseCases.DeleteCalloutTest" time="40.610" errors="0" timestamp="2022-04-28T11:45:37 IST" skipped="0">
  <testcase classname="teseCases.DeleteCalloutTest" name="deleteTest" time="40.610"/>
  <system-out/>
</testsuite> <!-- teseCases.DeleteCalloutTest -->
