<?xml version="1.0" encoding="UTF-8"?>
<!-- Generated by org.testng.reporters.JUnitReportReporter -->
<testsuite hostname="LP10-8RFSQ93" failures="0" tests="1" name="teseCases.CreateReservesTestPage" time="31.394" errors="0" timestamp="2022-03-07T15:50:32 IST" skipped="0">
  <testcase classname="teseCases.CreateReservesTestPage" name="newReservestest" time="31.394"/>
  <system-out/>
</testsuite> <!-- teseCases.CreateReservesTestPage -->
