<?xml version="1.0" encoding="UTF-8"?>
<!-- Generated by org.testng.reporters.JUnitReportReporter -->
<testsuite hostname="LP10-8RFSQ93" failures="0" tests="2" name="teseCases.CreateIndexPageTestPage" time="99.250" errors="0" timestamp="2022-04-04T11:14:40 IST" skipped="0">
  <testcase classname="teseCases.CreateIndexPageTestPage" name="newIndexPagetest" time="36.245"/>
  <system-out/>
  <testcase classname="teseCases.CreateIndexPageTestPage" name="newIndexPagetest" time="63.005"/>
  <system-out/>
</testsuite> <!-- teseCases.CreateIndexPageTestPage -->
