<?xml version="1.0" encoding="UTF-8"?>
<!-- Generated by org.testng.reporters.JUnitReportReporter -->
<testsuite hostname="LP10-8RFSQ93" failures="0" tests="2" name="teseCases.CreateDataBaseListingsTestPage" time="103.861" errors="0" timestamp="2022-03-23T13:39:16 IST" skipped="0">
  <testcase classname="teseCases.CreateDataBaseListingsTestPage" name="newDBLCreateTest" time="42.857"/>
  <system-out/>
  <testcase classname="teseCases.CreateDataBaseListingsTestPage" name="newDBLCreateTest" time="61.004"/>
  <system-out/>
</testsuite> <!-- teseCases.CreateDataBaseListingsTestPage -->
