<?xml version="1.0" encoding="UTF-8"?>
<!-- Generated by org.testng.reporters.JUnitReportReporter -->
<testsuite hostname="LP10-8RFSQ93" failures="0" tests="1" name="teseCases.DeleteReservesTest" time="50.041" errors="0" timestamp="2022-04-28T10:20:35 IST" skipped="0">
  <testcase classname="teseCases.DeleteReservesTest" name="deleteReserveTest" time="50.041"/>
  <system-out/>
</testsuite> <!-- teseCases.DeleteReservesTest -->
