<?xml version="1.0" encoding="UTF-8"?>
<!-- Generated by org.testng.reporters.JUnitReportReporter -->
<testsuite hostname="LP10-8RFSQ93" failures="0" tests="2" name="teseCases.CreateCustomBlockTestPage" time="48.522" errors="0" timestamp="2022-04-25T15:32:24 IST" skipped="0">
  <testcase classname="teseCases.CreateCustomBlockTestPage" name="newCustomCreateTest" time="11.163"/>
  <system-out/>
  <testcase classname="teseCases.CreateCustomBlockTestPage" name="newCustomCreateTest" time="37.359"/>
  <system-out/>
</testsuite> <!-- teseCases.CreateCustomBlockTestPage -->
