<?xml version="1.0" encoding="UTF-8"?>
<!-- Generated by org.testng.reporters.JUnitReportReporter -->
<testsuite hostname="LP10-8RFSQ93" failures="0" tests="1" name="teseCases.EditPagesTest" time="55.393" errors="0" timestamp="2022-03-10T20:28:35 IST" skipped="0">
  <testcase classname="teseCases.EditPagesTest" name="providePageTitle" time="55.393"/>
  <system-out/>
</testsuite> <!-- teseCases.EditPagesTest -->
