<?xml version="1.0" encoding="UTF-8"?>
<!-- Generated by org.testng.reporters.JUnitReportReporter -->
<testsuite hostname="LP10-8RFSQ93" failures="0" tests="2" name="teseCases.CreateResourceFlowTestPage" time="93.175" errors="0" timestamp="2022-03-23T15:58:53 IST" skipped="0">
  <testcase classname="teseCases.CreateResourceFlowTestPage" name="newResourceFlowTest" time="59.126"/>
  <system-out/>
  <testcase classname="teseCases.CreateResourceFlowTestPage" name="newResourceFlowTest" time="34.049"/>
  <system-out/>
</testsuite> <!-- teseCases.CreateResourceFlowTestPage -->
