<?xml version="1.0" encoding="UTF-8"?>
<!-- Generated by org.testng.reporters.JUnitReportReporter -->
<testsuite hostname="LP10-8RFSQ93" failures="0" tests="2" name="teseCases.CreatePagesTestPage" time="93.549" errors="0" timestamp="2022-03-23T15:01:55 IST" skipped="0">
  <testcase classname="teseCases.CreatePagesTestPage" name="newPageCreateTest" time="60.560"/>
  <system-out/>
  <testcase classname="teseCases.CreatePagesTestPage" name="newPageCreateTest" time="32.989"/>
  <system-out/>
</testsuite> <!-- teseCases.CreatePagesTestPage -->
