<?xml version="1.0" encoding="UTF-8"?>
<!-- Generated by org.testng.reporters.JUnitReportReporter -->
<testsuite hostname="LP10-8RFSQ93" failures="0" tests="2" name="teseCases.CreateNewsArticlesTestPage" time="51.171" errors="0" timestamp="2022-04-28T13:45:04 IST" skipped="0">
  <testcase classname="teseCases.CreateNewsArticlesTestPage" name="newArticleCreateTest" time="22.495"/>
  <system-out/>
  <testcase classname="teseCases.CreateNewsArticlesTestPage" name="newArticleCreateTest" time="28.676"/>
  <system-out/>
</testsuite> <!-- teseCases.CreateNewsArticlesTestPage -->
