<?xml version="1.0" encoding="UTF-8"?>
<!-- Generated by org.testng.reporters.JUnitReportReporter -->
<testsuite hostname="LP10-8RFSQ93" failures="0" tests="2" name="teseCases.LoginPageTest" time="56.081" errors="0" timestamp="2022-03-10T20:28:35 IST" skipped="0">
  <testcase classname="teseCases.LoginPageTest" name="loginTest" time="20.626"/>
  <system-out/>
  <testcase classname="teseCases.LoginPageTest" name="loginTest" time="35.455"/>
  <system-out/>
</testsuite> <!-- teseCases.LoginPageTest -->
