<?xml version="1.0" encoding="UTF-8"?>
<!-- Generated by org.testng.reporters.JUnitReportReporter -->
<testsuite hostname="LP10-8RFSQ93" failures="0" tests="2" name="teseCases.LoginPageTest" time="66.012" errors="0" timestamp="2022-03-29T10:40:11 IST" skipped="0">
  <testcase classname="teseCases.LoginPageTest" name="loginTest" time="21.425"/>
  <system-out/>
  <testcase classname="teseCases.LoginPageTest" name="loginTest" time="44.587"/>
  <system-out/>
</testsuite> <!-- teseCases.LoginPageTest -->
