<?xml version="1.0" encoding="UTF-8"?>
<!-- Generated by org.testng.reporters.JUnitReportReporter -->
<testsuite hostname="LP10-8RFSQ93" failures="0" tests="1" name="teseCases.DeleteResearchGuideTest" time="59.276" errors="0" timestamp="2022-03-14T12:30:03 IST" skipped="0">
  <testcase classname="teseCases.DeleteResearchGuideTest" name="deleteResearchGuideTest" time="59.276"/>
  <system-out/>
</testsuite> <!-- teseCases.DeleteResearchGuideTest -->
