<?xml version="1.0" encoding="UTF-8"?>
<!-- Generated by org.testng.reporters.JUnitReportReporter -->
<testsuite hostname="LP10-8RFSQ93" failures="0" tests="2" name="teseCases.CreateIndexPageTestPage" time="103.951" errors="0" timestamp="2022-03-23T16:51:02 IST" skipped="0">
  <testcase classname="teseCases.CreateIndexPageTestPage" name="newIndexPagetest" time="65.282"/>
  <system-out/>
  <testcase classname="teseCases.CreateIndexPageTestPage" name="newIndexPagetest" time="38.669"/>
  <system-out/>
</testsuite> <!-- teseCases.CreateIndexPageTestPage -->
