<?xml version="1.0" encoding="UTF-8"?>
<!-- Generated by org.testng.reporters.JUnitReportReporter -->
<testsuite hostname="LP10-8RFSQ93" failures="0" tests="2" name="teseCases.CreateResearchGuidesTestPage" time="104.763" errors="0" timestamp="2022-03-23T15:11:17 IST" skipped="0">
  <testcase classname="teseCases.CreateResearchGuidesTestPage" name="newResearchGuideTest" time="38.501"/>
  <system-out/>
  <testcase classname="teseCases.CreateResearchGuidesTestPage" name="newResearchGuideTest" time="66.262"/>
  <system-out/>
</testsuite> <!-- teseCases.CreateResearchGuidesTestPage -->
