<?xml version="1.0" encoding="UTF-8"?>
<!-- Generated by org.testng.reporters.JUnitReportReporter -->
<testsuite hostname="LP10-8RFSQ93" failures="0" tests="2" name="teseCases.CreateResourceFlowTestPage" time="87.245" errors="0" timestamp="2022-03-30T09:46:55 IST" skipped="0">
  <testcase classname="teseCases.CreateResourceFlowTestPage" name="newResourceFlowTest" time="32.880"/>
  <system-out/>
  <testcase classname="teseCases.CreateResourceFlowTestPage" name="newResourceFlowTest" time="54.365"/>
  <system-out/>
</testsuite> <!-- teseCases.CreateResourceFlowTestPage -->
