<?xml version="1.0" encoding="UTF-8"?>
<!-- Generated by org.testng.reporters.JUnitReportReporter -->
<testsuite hostname="LP10-8RFSQ93" failures="0" tests="1" name="teseCases.EditResearchGuidesTest" time="53.240" errors="0" timestamp="2022-03-10T20:28:35 IST" skipped="0">
  <testcase classname="teseCases.EditResearchGuidesTest" name="provideResearchGuideTitleTitle" time="53.240"/>
  <system-out/>
</testsuite> <!-- teseCases.EditResearchGuidesTest -->
