<?xml version="1.0" encoding="UTF-8"?>
<!-- Generated by org.testng.reporters.JUnitReportReporter -->
<testsuite hostname="LP10-8RFSQ93" failures="0" tests="1" name="teseCases.EditIndexPageTest" time="62.175" errors="0" timestamp="2022-03-15T18:31:03 IST" skipped="0">
  <testcase classname="teseCases.EditIndexPageTest" name="provideIndexPageTitle" time="62.175"/>
  <system-out/>
</testsuite> <!-- teseCases.EditIndexPageTest -->
