<?xml version="1.0" encoding="UTF-8"?>
<!-- Generated by org.testng.reporters.JUnitReportReporter -->
<testsuite hostname="LP10-8RFSQ93" failures="0" tests="1" name="teseCases.EditReservesTest" time="46.782" errors="0" timestamp="2022-03-07T16:37:16 IST" skipped="0">
  <testcase classname="teseCases.EditReservesTest" name="provideReserveTitle" time="46.782"/>
  <system-out/>
</testsuite> <!-- teseCases.EditReservesTest -->
