<?xml version="1.0" encoding="UTF-8"?>
<!-- Generated by org.testng.reporters.JUnitReportReporter -->
<testsuite hostname="LP10-8RFSQ93" failures="0" tests="1" name="teseCases.CreateResearchGuidesTestPage" time="43.131" errors="0" timestamp="2022-03-10T20:28:35 IST" skipped="0">
  <testcase classname="teseCases.CreateResearchGuidesTestPage" name="newResearchGuideTest" time="43.131"/>
  <system-out/>
</testsuite> <!-- teseCases.CreateResearchGuidesTestPage -->
