<?xml version="1.0" encoding="UTF-8"?>
<!-- Generated by org.testng.reporters.JUnitReportReporter -->
<testsuite hostname="LP10-8RFSQ93" failures="0" tests="1" name="teseCases.EditCustomBlockTest" time="26.854" errors="0" timestamp="2022-03-11T12:07:56 IST" skipped="0">
  <testcase classname="teseCases.EditCustomBlockTest" name="provideCustomBLockTitle" time="26.854"/>
  <system-out/>
</testsuite> <!-- teseCases.EditCustomBlockTest -->
