<?xml version="1.0" encoding="UTF-8"?>
<testsuite xmlns:xsi="http://www.w3.org/2001/XMLSchema-instance" xsi:schemaLocation="https://maven.apache.org/surefire/maven-surefire-plugin/xsd/surefire-test-report.xsd" name="TestSuite" time="2,135.056" tests="50" errors="0" skipped="0" failures="0">
  <properties>
    <property name="java.runtime.name" value="Java(TM) SE Runtime Environment"/>
    <property name="java.vm.version" value="17.0.2+8-LTS-86"/>
    <property name="sun.boot.library.path" value="C:\Program Files\Java\jdk-17.0.2\bin"/>
    <property name="maven.multiModuleProjectDirectory" value="C:\Users\cchitneedi\eclipse-2\D9-Automation"/>
    <property name="java.vm.vendor" value="Oracle Corporation"/>
    <property name="java.vendor.url" value="https://java.oracle.com/"/>
    <property name="guice.disable.misplaced.annotation.check" value="true"/>
    <property name="path.separator" value=";"/>
    <property name="java.vm.name" value="Java HotSpot(TM) 64-Bit Server VM"/>
    <property name="sun.os.patch.level" value=""/>
    <property name="user.script" value=""/>
    <property name="user.country" value="IN"/>
    <property name="sun.java.launcher" value="SUN_STANDARD"/>
    <property name="java.vm.specification.name" value="Java Virtual Machine Specification"/>
    <property name="user.dir" value="C:\Users\cchitneedi\eclipse-2\D9-Automation"/>
    <property name="java.vm.compressedOopsMode" value="Zero based"/>
    <property name="java.runtime.version" value="17.0.2+8-LTS-86"/>
    <property name="os.arch" value="amd64"/>
    <property name="java.io.tmpdir" value="C:\Users\CCHITN~1\AppData\Local\Temp\"/>
    <property name="line.separator" value="&#10;"/>
    <property name="java.vm.specification.vendor" value="Oracle Corporation"/>
    <property name="user.variant" value=""/>
    <property name="os.name" value="Windows 10"/>
    <property name="classworlds.conf" value="C:\Users\cchitneedi\Downloads\apache-maven-3.8.4\bin\m2.conf"/>
    <property name="sun.jnu.encoding" value="Cp1252"/>
    <property name="java.library.path" value="C:\Program Files\Java\jdk-17.0.2\bin;C:\Windows\Sun\Java\bin;C:\Windows\system32;C:\Windows;C:\Program Files\Common Files\Oracle\Java\javapath;C:\Windows\system32;C:\Windows;C:\Windows\System32\Wbem;C:\Windows\System32\WindowsPowerShell\v1.0\;C:\Windows\System32\OpenSSH\;C:\Program Files (x86)\NVIDIA Corporation\PhysX\Common;C:\Program Files\NVIDIA Corporation\NVIDIA NvDLISR;C:\Users\ssteam\AppData\Local\Microsoft\WindowsApps;C:\Program Files (x86)\Adaptiva\AdaptivaClient\bin\x32;C:\Program Files (x86)\Adaptiva\AdaptivaClient\bin\x64;C:\Users\cchitneedi\Downloads\apache-maven-3.8.4\bin;C:\Program Files\Git\cmd;C:\Program Files\Java\jdk-17.0.2\bin;C:\Program Files\dotnet\;C:\Users\cchitneedi\AppData\Local\Microsoft\WindowsApps;;."/>
    <property name="maven.conf" value="C:\Users\cchitneedi\Downloads\apache-maven-3.8.4/conf"/>
    <property name="jdk.debug" value="release"/>
    <property name="java.class.version" value="61.0"/>
    <property name="java.specification.name" value="Java Platform API Specification"/>
    <property name="sun.management.compiler" value="HotSpot 64-Bit Tiered Compilers"/>
    <property name="os.version" value="10.0"/>
    <property name="library.jansi.path" value="C:\Users\cchitneedi\Downloads\apache-maven-3.8.4\lib\jansi-native"/>
    <property name="user.home" value="C:\Users\cchitneedi"/>
    <property name="user.timezone" value="Asia/Calcutta"/>
    <property name="file.encoding" value="Cp1252"/>
    <property name="java.specification.version" value="17"/>
    <property name="user.name" value="cchitneedi"/>
    <property name="java.class.path" value="C:\Users\cchitneedi\Downloads\apache-maven-3.8.4\boot\plexus-classworlds-2.6.0.jar"/>
    <property name="java.vm.specification.version" value="17"/>
    <property name="sun.arch.data.model" value="64"/>
    <property name="sun.java.command" value="org.codehaus.plexus.classworlds.launcher.Launcher test"/>
    <property name="java.home" value="C:\Program Files\Java\jdk-17.0.2"/>
    <property name="user.language" value="en"/>
    <property name="java.specification.vendor" value="Oracle Corporation"/>
    <property name="java.vm.info" value="mixed mode, sharing"/>
    <property name="java.version" value="17.0.2"/>
    <property name="native.encoding" value="Cp1252"/>
    <property name="java.vendor" value="Oracle Corporation"/>
    <property name="sun.stderr.encoding" value="cp437"/>
    <property name="maven.home" value="C:\Users\cchitneedi\Downloads\apache-maven-3.8.4"/>
    <property name="file.separator" value="\"/>
    <property name="java.version.date" value="2022-01-18"/>
    <property name="java.vendor.url.bug" value="https://bugreport.java.com/bugreport/"/>
    <property name="sun.io.unicode.encoding" value="UnicodeLittle"/>
    <property name="sun.cpu.endian" value="little"/>
    <property name="sun.stdout.encoding" value="cp437"/>
    <property name="sun.cpu.isalist" value="amd64"/>
  </properties>
  <testcase name="loginTest" classname="teseCases.LoginPageTest" time="5.016"/>
  <testcase name="loginTest" classname="teseCases.LoginPageTest" time="34.232"/>
  <testcase name="deleteTest" classname="teseCases.DeleteCalloutTest" time="18.121"/>
  <testcase name="newcalloutcreatetest" classname="teseCases.CreateCalloutTestPage" time="10.338"/>
  <testcase name="newcalloutcreatetest" classname="teseCases.CreateCalloutTestPage" time="34.405"/>
  <testcase name="provideCalloutTitle" classname="teseCases.EditCalloutsTest" time="8.876"/>
  <testcase name="newCustomCreateTest" classname="teseCases.CreateCustomBlockTestPage" time="11.061"/>
  <testcase name="newCustomCreateTest" classname="teseCases.CreateCustomBlockTestPage" time="36.148"/>
  <testcase name="provideCustomBLockTitle" classname="teseCases.EditCustomBlockTest" time="9.001"/>
  <testcase name="deleteTest" classname="teseCases.DeleteCustomTest" time="19.734"/>
  <testcase name="newDBLCreateTest" classname="teseCases.CreateDataBaseListingsTestPage" time="10.633"/>
  <testcase name="newDBLCreateTest" classname="teseCases.CreateDataBaseListingsTestPage" time="35.579"/>
  <testcase name="provideDatabaseListTitle" classname="teseCases.EditDatabaseListingTest" time="33.465"/>
  <testcase name="deleteTest" classname="teseCases.DeleteDatabaseListingTest" time="17.392"/>
  <testcase name="newdirectorycreatetest" classname="teseCases.createDirectoryListingsTestPage" time="9.462"/>
  <testcase name="newdirectorycreatetest" classname="teseCases.createDirectoryListingsTestPage" time="36.34"/>
  <testcase name="newdirectorycreatetest" classname="teseCases.createDirectoryListingsTestPage" time="36.899"/>
  <testcase name="newdirectorycreatetest" classname="teseCases.createDirectoryListingsTestPage" time="66.575"/>
  <testcase name="provideDirectoryListTitle" classname="teseCases.EditDirectoryListingsTest" time="31.813"/>
  <testcase name="deleteTest" classname="teseCases.DeleteDirectoryListingTest" time="22.67"/>
  <testcase name="newIndexPagetest" classname="teseCases.CreateIndexEntriesPageTestPage" time="11.775"/>
  <testcase name="newIndexPagetest" classname="teseCases.CreateIndexEntriesPageTestPage" time="34.46"/>
  <testcase name="provideIndexPageTitle" classname="teseCases.EditIndexEntryTest" time="31.577"/>
  <testcase name="deleteTest" classname="teseCases.DeleteIndexEntryPageTest" time="16.069"/>
  <testcase name="newIndexPagetest" classname="teseCases.CreateIndexPageTestPage" time="16.875"/>
  <testcase name="newIndexPagetest" classname="teseCases.CreateIndexPageTestPage" time="36.824"/>
  <testcase name="provideIndexPageTitle" classname="teseCases.EditIndexPageTest" time="32.257"/>
  <testcase name="deleteTest" classname="teseCases.DeleteIndexPageTest" time="23.318"/>
  <testcase name="newArticleCreateTest" classname="teseCases.CreateNewsArticlesTestPage" time="19.975"/>
  <testcase name="newArticleCreateTest" classname="teseCases.CreateNewsArticlesTestPage" time="3.436"/>
  <testcase name="provideNewsArticleTitle" classname="teseCases.EditNewsArticlesTest" time="31.817"/>
  <testcase name="deleteTest" classname="teseCases.DeleteNewsArticleTest" time="19.557"/>
  <testcase name="newPageCreateTest" classname="teseCases.CreatePagesTestPage" time="9.812"/>
  <testcase name="newPageCreateTest" classname="teseCases.CreatePagesTestPage" time="36.241"/>
  <testcase name="providePageTitle" classname="teseCases.EditPagesTest" time="31.591"/>
  <testcase name="deletePageTest" classname="teseCases.DeletePagesTest" time="15.87"/>
  <testcase name="newResearchGuideTest" classname="teseCases.CreateResearchGuidesTestPage" time="12.081"/>
  <testcase name="newResearchGuideTest" classname="teseCases.CreateResearchGuidesTestPage" time="35.627"/>
  <testcase name="provideResearchGuideTitleTitle" classname="teseCases.EditResearchGuidesTest" time="31.865"/>
  <testcase name="deleteResearchGuideTest" classname="teseCases.DeleteResearchGuideTest" time="17.376"/>
  <testcase name="newReservesTest" classname="teseCases.CreateReservesTestPage" time="13.929"/>
  <testcase name="newReservesTest" classname="teseCases.CreateReservesTestPage" time="38.369"/>
  <testcase name="newReservesTest" classname="teseCases.CreateReservesTestPage" time="38.108"/>
  <testcase name="newReservesTest" classname="teseCases.CreateReservesTestPage" time="68.397"/>
  <testcase name="provideReservesTitle" classname="teseCases.EditReservesTest" time="31.422"/>
  <testcase name="deleteReserveTest" classname="teseCases.DeleteReservesTest" time="17.788"/>
  <testcase name="newResourceFlowTest" classname="teseCases.CreateResourceFlowTestPage" time="10.977"/>
  <testcase name="newResourceFlowTest" classname="teseCases.CreateResourceFlowTestPage" time="34.534"/>
  <testcase name="provideResourceTitle" classname="teseCases.EditResourceFlowsTest" time="31.541"/>
  <testcase name="deleteTest" classname="teseCases.DeleteResourceFlowTest" time="19.446"/>
</testsuite>